2015-05-04 19:32:37,458 [Worker-4] INFO  o.e.m.c.i.p.ProjectConfigurationManager - Collecting project info '/pom.xml' C:\csd2015\java-ws-eclipse\lab2_sol\pom.xml
2015-05-04 19:32:41,598 [Worker-4] INFO  o.e.m.c.i.l.LifecycleMappingFactory - Using org.eclipse.m2e.jdt.JarLifecycleMapping lifecycle mapping for MavenProject: com.bemach.labguide:lab2_sol:0.0.1-SNAPSHOT @ C:\csd2015\java-ws-eclipse\lab2_sol\pom.xml.
2015-05-04 19:32:42,903 [Worker-4] INFO  o.e.m.j.i.AbstractJavaProjectConfigurator - Adding source folder /lab2_sol/src/main/java
2015-05-04 19:32:42,919 [Worker-4] INFO  o.e.m.j.i.AbstractJavaProjectConfigurator - Adding source folder /lab2_sol/src/test/java
2015-05-04 19:32:43,231 [Worker-6] INFO  o.e.m.c.i.l.LifecycleMappingFactory - Using org.eclipse.m2e.jdt.JarLifecycleMapping lifecycle mapping for MavenProject: com.bemach.labguide:lab2_sol:0.0.1-SNAPSHOT @ C:\csd2015\java-ws-eclipse\lab2_sol\pom.xml.
2015-05-04 19:32:44,778 [Worker-4] INFO  o.e.m.c.i.p.ProjectConfigurationManager - Imported and configured 1 project(s) in 7 sec
2015-05-04 19:32:46,543 [Worker-2] INFO  o.e.m.c.i.l.LifecycleMappingFactory - Using org.eclipse.m2e.jdt.JarLifecycleMapping lifecycle mapping for MavenProject: com.bemach.labguide:lab2_sol:0.0.1-SNAPSHOT @ C:\csd2015\java-ws-eclipse\lab2_sol\pom.xml.
2015-05-04 19:32:46,747 [Worker-2] INFO  o.e.m.c.i.embedder.EclipseLogger - Using 'UTF-8' encoding to copy filtered resources.
2015-05-04 19:32:46,747 [Worker-2] INFO  o.e.m.c.i.embedder.EclipseLogger - skip non existing resourceDirectory C:\csd2015\java-ws-eclipse\lab2_sol\src\main\resources
2015-05-04 19:32:46,762 [Worker-2] INFO  o.e.m.c.i.embedder.EclipseLogger - Using 'UTF-8' encoding to copy filtered resources.
2015-05-04 19:32:46,762 [Worker-2] INFO  o.e.m.c.i.embedder.EclipseLogger - skip non existing resourceDirectory C:\csd2015\java-ws-eclipse\lab2_sol\src\test\resources
2015-05-04 19:33:26,763 [Worker-3] INFO  o.e.m.c.i.l.LifecycleMappingFactory - Using org.eclipse.m2e.jdt.JarLifecycleMapping lifecycle mapping for MavenProject: com.bemach.labguide:lab2:1.0-SNAPSHOT @ C:\csd2015\java-ws-eclipse\lab2_sol\pom.xml.
2015-05-04 19:33:27,091 [Worker-3] INFO  o.e.m.c.i.embedder.EclipseLogger - Using 'UTF-8' encoding to copy filtered resources.
2015-05-04 19:33:27,091 [Worker-3] INFO  o.e.m.c.i.embedder.EclipseLogger - skip non existing resourceDirectory C:\csd2015\java-ws-eclipse\lab2_sol\src\main\resources
2015-05-04 19:33:27,091 [Worker-3] INFO  o.e.m.c.i.embedder.EclipseLogger - Using 'UTF-8' encoding to copy filtered resources.
2015-05-04 19:33:27,091 [Worker-3] INFO  o.e.m.c.i.embedder.EclipseLogger - skip non existing resourceDirectory C:\csd2015\java-ws-eclipse\lab2_sol\src\test\resources
2015-05-04 19:33:28,667 [Worker-7] INFO  o.e.m.c.i.embedder.EclipseLogger - Using 'UTF-8' encoding to copy filtered resources.
2015-05-04 19:33:28,667 [Worker-7] INFO  o.e.m.c.i.embedder.EclipseLogger - skip non existing resourceDirectory C:\csd2015\java-ws-eclipse\lab2_sol\src\main\resources
2015-05-04 19:33:28,667 [Worker-7] INFO  o.e.m.c.i.embedder.EclipseLogger - Using 'UTF-8' encoding to copy filtered resources.
2015-05-04 19:33:28,667 [Worker-7] INFO  o.e.m.c.i.embedder.EclipseLogger - skip non existing resourceDirectory C:\csd2015\java-ws-eclipse\lab2_sol\src\test\resources
2015-05-04 19:33:40,797 [Worker-0] INFO  o.e.m.c.i.embedder.EclipseLogger - Using 'UTF-8' encoding to copy filtered resources.
2015-05-04 19:33:40,797 [Worker-0] INFO  o.e.m.c.i.embedder.EclipseLogger - skip non existing resourceDirectory C:\csd2015\java-ws-eclipse\lab2_sol\src\main\resources
2015-05-04 19:33:40,797 [Worker-0] INFO  o.e.m.c.i.embedder.EclipseLogger - Using 'UTF-8' encoding to copy filtered resources.
2015-05-04 19:33:40,797 [Worker-0] INFO  o.e.m.c.i.embedder.EclipseLogger - skip non existing resourceDirectory C:\csd2015\java-ws-eclipse\lab2_sol\src\test\resources
2015-05-04 19:33:46,637 [Worker-0] INFO  o.e.m.c.i.embedder.EclipseLogger - Using 'UTF-8' encoding to copy filtered resources.
2015-05-04 19:33:46,637 [Worker-0] INFO  o.e.m.c.i.embedder.EclipseLogger - skip non existing resourceDirectory C:\csd2015\java-ws-eclipse\lab2_sol\src\main\resources
2015-05-04 19:33:46,637 [Worker-0] INFO  o.e.m.c.i.embedder.EclipseLogger - Using 'UTF-8' encoding to copy filtered resources.
2015-05-04 19:33:46,637 [Worker-0] INFO  o.e.m.c.i.embedder.EclipseLogger - skip non existing resourceDirectory C:\csd2015\java-ws-eclipse\lab2_sol\src\test\resources
2015-05-04 19:39:59,434 [Worker-0] INFO  o.e.m.c.i.p.ProjectConfigurationManager - Collecting project info '/pom.xml' C:\csd2015\java-ws-eclipse\lab9_sol\pom.xml
2015-05-04 19:39:59,683 [Worker-0] INFO  o.e.m.c.i.l.LifecycleMappingFactory - Using org.eclipse.m2e.jdt.JarLifecycleMapping lifecycle mapping for MavenProject: com.bemach.labguide:lab9_sol:0.0.1-SNAPSHOT @ C:\csd2015\java-ws-eclipse\lab9_sol\pom.xml.
2015-05-04 19:40:00,012 [Worker-0] INFO  o.e.m.j.i.AbstractJavaProjectConfigurator - Adding source folder /lab9_sol/src/main/java
2015-05-04 19:40:00,090 [Worker-0] INFO  o.e.m.j.i.AbstractJavaProjectConfigurator - Adding source folder /lab9_sol/src/test/java
2015-05-04 19:40:00,262 [Worker-0] INFO  o.e.m.c.i.p.ProjectConfigurationManager - Imported and configured 1 project(s) in 0 sec
2015-05-04 19:40:01,548 [Worker-12] INFO  o.e.m.c.i.l.LifecycleMappingFactory - Using org.eclipse.m2e.jdt.JarLifecycleMapping lifecycle mapping for MavenProject: com.bemach.labguide:lab9_sol:0.0.1-SNAPSHOT @ C:\csd2015\java-ws-eclipse\lab9_sol\pom.xml.
2015-05-04 19:40:01,892 [Worker-10] INFO  o.e.m.c.i.l.LifecycleMappingFactory - Using org.eclipse.m2e.jdt.JarLifecycleMapping lifecycle mapping for MavenProject: com.bemach.labguide:lab9_sol:0.0.1-SNAPSHOT @ C:\csd2015\java-ws-eclipse\lab9_sol\pom.xml.
2015-05-04 19:40:02,298 [Worker-10] INFO  o.e.m.c.i.embedder.EclipseLogger - Using 'UTF-8' encoding to copy filtered resources.
2015-05-04 19:40:02,298 [Worker-10] INFO  o.e.m.c.i.embedder.EclipseLogger - skip non existing resourceDirectory C:\csd2015\java-ws-eclipse\lab9_sol\src\main\resources
2015-05-04 19:40:02,298 [Worker-10] INFO  o.e.m.c.i.embedder.EclipseLogger - Using 'UTF-8' encoding to copy filtered resources.
2015-05-04 19:40:02,298 [Worker-10] INFO  o.e.m.c.i.embedder.EclipseLogger - skip non existing resourceDirectory C:\csd2015\java-ws-eclipse\lab9_sol\src\test\resources
2015-05-04 19:40:03,506 [Worker-11] INFO  o.e.m.c.i.l.LifecycleMappingFactory - Using org.eclipse.m2e.jdt.JarLifecycleMapping lifecycle mapping for MavenProject: com.bemach.labguide:lab9_sol:0.0.1-SNAPSHOT @ C:\csd2015\java-ws-eclipse\lab9_sol\pom.xml.
2015-05-04 19:40:04,584 [Worker-14] INFO  o.e.m.c.i.embedder.EclipseLogger - Using 'UTF-8' encoding to copy filtered resources.
2015-05-04 19:40:04,584 [Worker-14] INFO  o.e.m.c.i.embedder.EclipseLogger - skip non existing resourceDirectory C:\csd2015\java-ws-eclipse\lab9_sol\src\main\resources
2015-05-04 19:40:04,584 [Worker-14] INFO  o.e.m.c.i.embedder.EclipseLogger - Using 'UTF-8' encoding to copy filtered resources.
2015-05-04 19:40:04,584 [Worker-14] INFO  o.e.m.c.i.embedder.EclipseLogger - skip non existing resourceDirectory C:\csd2015\java-ws-eclipse\lab9_sol\src\test\resources
2015-05-04 19:40:11,342 [Worker-14] INFO  o.e.m.c.i.l.LifecycleMappingFactory - Using org.eclipse.m2e.jdt.JarLifecycleMapping lifecycle mapping for MavenProject: com.bemach.labguide:lab9_sol:1.0-SNAPSHOT @ C:\csd2015\java-ws-eclipse\lab9_sol\pom.xml.
2015-05-04 19:40:15,030 [Worker-14] INFO  o.e.m.c.i.embedder.EclipseLogger - Using 'UTF-8' encoding to copy filtered resources.
2015-05-04 19:40:15,030 [Worker-14] INFO  o.e.m.c.i.embedder.EclipseLogger - skip non existing resourceDirectory C:\csd2015\java-ws-eclipse\lab9_sol\src\main\resources
2015-05-04 19:40:15,045 [Worker-14] INFO  o.e.m.c.i.embedder.EclipseLogger - Using 'UTF-8' encoding to copy filtered resources.
2015-05-04 19:40:15,045 [Worker-14] INFO  o.e.m.c.i.embedder.EclipseLogger - skip non existing resourceDirectory C:\csd2015\java-ws-eclipse\lab9_sol\src\test\resources
2015-05-04 19:40:19,111 [Worker-10] INFO  o.e.m.c.i.embedder.EclipseLogger - Using 'UTF-8' encoding to copy filtered resources.
2015-05-04 19:40:19,111 [Worker-10] INFO  o.e.m.c.i.embedder.EclipseLogger - skip non existing resourceDirectory C:\csd2015\java-ws-eclipse\lab9_sol\src\main\resources
2015-05-04 19:40:19,111 [Worker-10] INFO  o.e.m.c.i.embedder.EclipseLogger - Using 'UTF-8' encoding to copy filtered resources.
2015-05-04 19:40:19,111 [Worker-10] INFO  o.e.m.c.i.embedder.EclipseLogger - skip non existing resourceDirectory C:\csd2015\java-ws-eclipse\lab9_sol\src\test\resources
2015-05-04 19:44:30,821 [Worker-12] INFO  o.e.m.c.i.p.ProjectConfigurationManager - Collecting project info '/pom.xml' C:\csd2015\java-ws-eclipse\lab10_sol\pom.xml
2015-05-04 19:44:31,400 [Worker-12] INFO  o.e.m.c.i.l.LifecycleMappingFactory - Using org.eclipse.m2e.jdt.JarLifecycleMapping lifecycle mapping for MavenProject: com.bemach.labguide:lab10_sol:0.0.1-SNAPSHOT @ C:\csd2015\java-ws-eclipse\lab10_sol\pom.xml.
2015-05-04 19:44:31,650 [Worker-12] INFO  o.e.m.j.i.AbstractJavaProjectConfigurator - Adding source folder /lab10_sol/src/main/java
2015-05-04 19:44:31,681 [Worker-12] INFO  o.e.m.j.i.AbstractJavaProjectConfigurator - Adding source folder /lab10_sol/src/test/java
2015-05-04 19:44:31,837 [Worker-12] INFO  o.e.m.c.i.p.ProjectConfigurationManager - Imported and configured 1 project(s) in 1 sec
2015-05-04 19:44:32,399 [Worker-17] INFO  o.e.m.c.i.l.LifecycleMappingFactory - Using org.eclipse.m2e.jdt.JarLifecycleMapping lifecycle mapping for MavenProject: com.bemach.labguide:lab10_sol:0.0.1-SNAPSHOT @ C:\csd2015\java-ws-eclipse\lab10_sol\pom.xml.
2015-05-04 19:44:32,759 [Worker-17] INFO  o.e.m.c.i.embedder.EclipseLogger - Using 'UTF-8' encoding to copy filtered resources.
2015-05-04 19:44:32,759 [Worker-17] INFO  o.e.m.c.i.embedder.EclipseLogger - skip non existing resourceDirectory C:\csd2015\java-ws-eclipse\lab10_sol\src\main\resources
2015-05-04 19:44:32,759 [Worker-17] INFO  o.e.m.c.i.embedder.EclipseLogger - Using 'UTF-8' encoding to copy filtered resources.
2015-05-04 19:44:32,759 [Worker-17] INFO  o.e.m.c.i.embedder.EclipseLogger - skip non existing resourceDirectory C:\csd2015\java-ws-eclipse\lab10_sol\src\test\resources
2015-05-04 19:44:33,149 [Worker-17] INFO  o.e.m.c.i.l.LifecycleMappingFactory - Using org.eclipse.m2e.jdt.JarLifecycleMapping lifecycle mapping for MavenProject: com.bemach.labguide:lab10_sol:0.0.1-SNAPSHOT @ C:\csd2015\java-ws-eclipse\lab10_sol\pom.xml.
2015-05-04 19:44:33,868 [Worker-5] INFO  o.e.m.c.i.embedder.EclipseLogger - Using 'UTF-8' encoding to copy filtered resources.
2015-05-04 19:44:33,868 [Worker-5] INFO  o.e.m.c.i.embedder.EclipseLogger - skip non existing resourceDirectory C:\csd2015\java-ws-eclipse\lab10_sol\src\main\resources
2015-05-04 19:44:33,884 [Worker-5] INFO  o.e.m.c.i.embedder.EclipseLogger - Using 'UTF-8' encoding to copy filtered resources.
2015-05-04 19:44:33,884 [Worker-5] INFO  o.e.m.c.i.embedder.EclipseLogger - skip non existing resourceDirectory C:\csd2015\java-ws-eclipse\lab10_sol\src\test\resources
2015-05-04 19:44:49,408 [Worker-13] INFO  o.e.m.c.i.l.LifecycleMappingFactory - Using org.eclipse.m2e.jdt.JarLifecycleMapping lifecycle mapping for MavenProject: com.bemach.labguide:lab10_sol:1.0-SNAPSHOT @ C:\csd2015\java-ws-eclipse\lab10_sol\pom.xml.
2015-05-04 19:44:51,303 [Worker-13] INFO  o.e.m.c.i.embedder.EclipseLogger - Using 'UTF-8' encoding to copy filtered resources.
2015-05-04 19:44:51,303 [Worker-13] INFO  o.e.m.c.i.embedder.EclipseLogger - skip non existing resourceDirectory C:\csd2015\java-ws-eclipse\lab10_sol\src\main\resources
2015-05-04 19:44:51,303 [Worker-13] INFO  o.e.m.c.i.embedder.EclipseLogger - Using 'UTF-8' encoding to copy filtered resources.
2015-05-04 19:44:51,319 [Worker-13] INFO  o.e.m.c.i.embedder.EclipseLogger - Copying 0 resource
2015-05-04 19:44:54,791 [Worker-15] INFO  o.e.m.c.i.embedder.EclipseLogger - Using 'UTF-8' encoding to copy filtered resources.
2015-05-04 19:44:54,791 [Worker-15] INFO  o.e.m.c.i.embedder.EclipseLogger - skip non existing resourceDirectory C:\csd2015\java-ws-eclipse\lab10_sol\src\main\resources
2015-05-04 19:44:54,807 [Worker-15] INFO  o.e.m.c.i.embedder.EclipseLogger - Using 'UTF-8' encoding to copy filtered resources.
2015-05-04 19:44:54,854 [Worker-15] INFO  o.e.m.c.i.embedder.EclipseLogger - Copying 7 resources
2015-05-04 19:44:56,351 [Worker-10] INFO  o.e.m.c.i.embedder.EclipseLogger - Using 'UTF-8' encoding to copy filtered resources.
2015-05-04 19:44:56,351 [Worker-10] INFO  o.e.m.c.i.embedder.EclipseLogger - skip non existing resourceDirectory C:\csd2015\java-ws-eclipse\lab10_sol\src\main\resources
2015-05-04 19:44:56,351 [Worker-10] INFO  o.e.m.c.i.embedder.EclipseLogger - Using 'UTF-8' encoding to copy filtered resources.
2015-05-04 19:44:56,367 [Worker-10] INFO  o.e.m.c.i.embedder.EclipseLogger - Copying 7 resources
2015-05-04 19:45:19,907 [Worker-11] INFO  o.e.m.c.i.embedder.EclipseLogger - Using 'UTF-8' encoding to copy filtered resources.
2015-05-04 19:45:19,907 [Worker-11] INFO  o.e.m.c.i.embedder.EclipseLogger - skip non existing resourceDirectory C:\csd2015\java-ws-eclipse\lab10_sol\src\main\resources
2015-05-04 19:45:19,911 [Worker-11] INFO  o.e.m.c.i.embedder.EclipseLogger - Using 'UTF-8' encoding to copy filtered resources.
2015-05-04 19:45:19,911 [Worker-11] INFO  o.e.m.c.i.embedder.EclipseLogger - Copying 0 resource
2015-05-04 19:45:19,932 [Worker-11] INFO  o.e.m.c.i.embedder.EclipseLogger - Using 'UTF-8' encoding to copy filtered resources.
2015-05-04 19:45:19,932 [Worker-11] INFO  o.e.m.c.i.embedder.EclipseLogger - skip non existing resourceDirectory C:\csd2015\java-ws-eclipse\lab2_sol\src\main\resources
2015-05-04 19:45:19,939 [Worker-11] INFO  o.e.m.c.i.embedder.EclipseLogger - Using 'UTF-8' encoding to copy filtered resources.
2015-05-04 19:45:19,939 [Worker-11] INFO  o.e.m.c.i.embedder.EclipseLogger - skip non existing resourceDirectory C:\csd2015\java-ws-eclipse\lab2_sol\src\test\resources
2015-05-04 19:45:19,968 [Worker-11] INFO  o.e.m.c.i.embedder.EclipseLogger - Using 'UTF-8' encoding to copy filtered resources.
2015-05-04 19:45:19,969 [Worker-11] INFO  o.e.m.c.i.embedder.EclipseLogger - skip non existing resourceDirectory C:\csd2015\java-ws-eclipse\lab9_sol\src\main\resources
2015-05-04 19:45:19,972 [Worker-11] INFO  o.e.m.c.i.embedder.EclipseLogger - Using 'UTF-8' encoding to copy filtered resources.
2015-05-04 19:45:19,973 [Worker-11] INFO  o.e.m.c.i.embedder.EclipseLogger - skip non existing resourceDirectory C:\csd2015\java-ws-eclipse\lab9_sol\src\test\resources
2015-05-04 19:49:14,731 [Worker-17] INFO  o.e.m.c.i.embedder.EclipseLogger - Using 'UTF-8' encoding to copy filtered resources.
2015-05-04 19:49:14,731 [Worker-17] INFO  o.e.m.c.i.embedder.EclipseLogger - skip non existing resourceDirectory C:\csd2015\java-ws-eclipse\lab10_sol\src\main\resources
2015-05-04 19:49:14,731 [Worker-17] INFO  o.e.m.c.i.embedder.EclipseLogger - Using 'UTF-8' encoding to copy filtered resources.
2015-05-04 19:49:14,731 [Worker-17] INFO  o.e.m.c.i.embedder.EclipseLogger - Copying 0 resource
2015-05-04 19:49:35,621 [Worker-19] INFO  o.e.m.c.i.p.ProjectConfigurationManager - Collecting project info '/pom.xml' C:\csd2015\java-ws-eclipse\lab11_sol\pom.xml
2015-05-04 19:49:35,825 [Worker-19] INFO  o.e.m.c.i.l.LifecycleMappingFactory - Using org.eclipse.m2e.jdt.JarLifecycleMapping lifecycle mapping for MavenProject: com.bemach.labguide:lab11_sol:0.0.1-SNAPSHOT @ C:\csd2015\java-ws-eclipse\lab11_sol\pom.xml.
2015-05-04 19:49:36,121 [Worker-19] INFO  o.e.m.j.i.AbstractJavaProjectConfigurator - Adding source folder /lab11_sol/src/main/java
2015-05-04 19:49:36,137 [Worker-19] INFO  o.e.m.j.i.AbstractJavaProjectConfigurator - Adding source folder /lab11_sol/src/test/java
2015-05-04 19:49:36,278 [Worker-19] INFO  o.e.m.c.i.p.ProjectConfigurationManager - Imported and configured 1 project(s) in 0 sec
2015-05-04 19:49:37,004 [Worker-18] INFO  o.e.m.c.i.l.LifecycleMappingFactory - Using org.eclipse.m2e.jdt.JarLifecycleMapping lifecycle mapping for MavenProject: com.bemach.labguide:lab11_sol:0.0.1-SNAPSHOT @ C:\csd2015\java-ws-eclipse\lab11_sol\pom.xml.
2015-05-04 19:49:37,364 [Worker-18] INFO  o.e.m.c.i.embedder.EclipseLogger - Using 'UTF-8' encoding to copy filtered resources.
2015-05-04 19:49:37,364 [Worker-18] INFO  o.e.m.c.i.embedder.EclipseLogger - skip non existing resourceDirectory C:\csd2015\java-ws-eclipse\lab11_sol\src\main\resources
2015-05-04 19:49:37,364 [Worker-18] INFO  o.e.m.c.i.embedder.EclipseLogger - Using 'UTF-8' encoding to copy filtered resources.
2015-05-04 19:49:37,364 [Worker-18] INFO  o.e.m.c.i.embedder.EclipseLogger - skip non existing resourceDirectory C:\csd2015\java-ws-eclipse\lab11_sol\src\test\resources
2015-05-04 19:49:37,582 [Worker-13] INFO  o.e.m.c.i.l.LifecycleMappingFactory - Using org.eclipse.m2e.jdt.JarLifecycleMapping lifecycle mapping for MavenProject: com.bemach.labguide:lab11_sol:0.0.1-SNAPSHOT @ C:\csd2015\java-ws-eclipse\lab11_sol\pom.xml.
2015-05-04 19:49:38,520 [Worker-13] INFO  o.e.m.c.i.embedder.EclipseLogger - Using 'UTF-8' encoding to copy filtered resources.
2015-05-04 19:49:38,520 [Worker-13] INFO  o.e.m.c.i.embedder.EclipseLogger - skip non existing resourceDirectory C:\csd2015\java-ws-eclipse\lab11_sol\src\main\resources
2015-05-04 19:49:38,520 [Worker-13] INFO  o.e.m.c.i.embedder.EclipseLogger - Using 'UTF-8' encoding to copy filtered resources.
2015-05-04 19:49:38,520 [Worker-13] INFO  o.e.m.c.i.embedder.EclipseLogger - skip non existing resourceDirectory C:\csd2015\java-ws-eclipse\lab11_sol\src\test\resources
2015-05-04 19:50:03,639 [Worker-20] INFO  o.e.m.c.i.p.ProjectConfigurationManager - Update started
2015-05-04 19:50:03,967 [Worker-20] INFO  o.e.m.c.i.l.LifecycleMappingFactory - Using org.eclipse.m2e.jdt.JarLifecycleMapping lifecycle mapping for MavenProject: com.bemach.labguide:lab10_sol:1.0-SNAPSHOT @ C:\csd2015\java-ws-eclipse\lab10_sol\pom.xml.
2015-05-04 19:50:05,540 [Worker-20] INFO  o.e.m.j.i.AbstractJavaProjectConfigurator - Adding source folder /lab10_sol/src/main/java
2015-05-04 19:50:05,540 [Worker-20] INFO  o.e.m.j.i.AbstractJavaProjectConfigurator - Adding source folder /lab10_sol/src/test/java
2015-05-04 19:50:05,540 [Worker-20] INFO  o.e.m.j.i.AbstractJavaProjectConfigurator - Adding resource folder /lab10_sol/src/test/resources
2015-05-04 19:50:06,171 [Worker-20] INFO  o.e.m.c.i.l.LifecycleMappingFactory - Using org.eclipse.m2e.jdt.JarLifecycleMapping lifecycle mapping for MavenProject: com.bemach.labguide:lab10_sol:1.0-SNAPSHOT @ C:\csd2015\java-ws-eclipse\lab10_sol\pom.xml.
2015-05-04 19:50:07,078 [Worker-20] INFO  o.e.m.c.i.p.ProjectConfigurationManager - Update completed: 3 sec
2015-05-04 19:50:08,614 [Worker-19] INFO  o.e.m.c.i.embedder.EclipseLogger - Using 'UTF-8' encoding to copy filtered resources.
2015-05-04 19:50:08,614 [Worker-19] INFO  o.e.m.c.i.embedder.EclipseLogger - skip non existing resourceDirectory C:\csd2015\java-ws-eclipse\lab10_sol\src\main\resources
2015-05-04 19:50:08,614 [Worker-19] INFO  o.e.m.c.i.embedder.EclipseLogger - Using 'UTF-8' encoding to copy filtered resources.
2015-05-04 19:50:08,630 [Worker-19] INFO  o.e.m.c.i.embedder.EclipseLogger - Copying 7 resources
2015-05-04 19:50:17,865 [Worker-5] INFO  o.e.m.c.i.l.LifecycleMappingFactory - Using org.eclipse.m2e.jdt.JarLifecycleMapping lifecycle mapping for MavenProject: com.bemach.labguide:lab11_sol:1.0-SNAPSHOT @ C:\csd2015\java-ws-eclipse\lab11_sol\pom.xml.
2015-05-04 19:50:18,240 [Worker-5] INFO  o.e.m.c.i.embedder.EclipseLogger - Using 'UTF-8' encoding to copy filtered resources.
2015-05-04 19:50:18,240 [Worker-5] INFO  o.e.m.c.i.embedder.EclipseLogger - skip non existing resourceDirectory C:\csd2015\java-ws-eclipse\lab11_sol\src\main\resources
2015-05-04 19:50:18,240 [Worker-5] INFO  o.e.m.c.i.embedder.EclipseLogger - Using 'UTF-8' encoding to copy filtered resources.
2015-05-04 19:50:18,240 [Worker-5] INFO  o.e.m.c.i.embedder.EclipseLogger - skip non existing resourceDirectory C:\csd2015\java-ws-eclipse\lab11_sol\src\test\resources
2015-05-04 19:50:19,521 [Worker-5] INFO  o.e.m.c.i.embedder.EclipseLogger - Using 'UTF-8' encoding to copy filtered resources.
2015-05-04 19:50:19,521 [Worker-5] INFO  o.e.m.c.i.embedder.EclipseLogger - skip non existing resourceDirectory C:\csd2015\java-ws-eclipse\lab11_sol\src\main\resources
2015-05-04 19:50:19,537 [Worker-5] INFO  o.e.m.c.i.embedder.EclipseLogger - Using 'UTF-8' encoding to copy filtered resources.
2015-05-04 19:50:19,537 [Worker-5] INFO  o.e.m.c.i.embedder.EclipseLogger - skip non existing resourceDirectory C:\csd2015\java-ws-eclipse\lab11_sol\src\test\resources
2015-05-04 19:50:20,927 [Worker-21] INFO  o.e.m.c.i.embedder.EclipseLogger - Using 'UTF-8' encoding to copy filtered resources.
2015-05-04 19:50:20,927 [Worker-21] INFO  o.e.m.c.i.embedder.EclipseLogger - skip non existing resourceDirectory C:\csd2015\java-ws-eclipse\lab11_sol\src\main\resources
2015-05-04 19:50:20,943 [Worker-21] INFO  o.e.m.c.i.embedder.EclipseLogger - Using 'UTF-8' encoding to copy filtered resources.
2015-05-04 19:50:20,943 [Worker-21] INFO  o.e.m.c.i.embedder.EclipseLogger - skip non existing resourceDirectory C:\csd2015\java-ws-eclipse\lab11_sol\src\test\resources
2015-05-04 19:50:40,585 [Worker-21] INFO  o.e.m.c.i.embedder.EclipseLogger - Using 'UTF-8' encoding to copy filtered resources.
2015-05-04 19:50:40,585 [Worker-21] INFO  o.e.m.c.i.embedder.EclipseLogger - skip non existing resourceDirectory C:\csd2015\java-ws-eclipse\lab11_sol\src\main\resources
2015-05-04 19:50:40,585 [Worker-21] INFO  o.e.m.c.i.embedder.EclipseLogger - Using 'UTF-8' encoding to copy filtered resources.
2015-05-04 19:50:40,585 [Worker-21] INFO  o.e.m.c.i.embedder.EclipseLogger - skip non existing resourceDirectory C:\csd2015\java-ws-eclipse\lab11_sol\src\test\resources
2015-05-04 19:50:51,705 [Worker-18] INFO  o.e.m.c.i.embedder.EclipseLogger - Using 'UTF-8' encoding to copy filtered resources.
2015-05-04 19:50:51,705 [Worker-18] INFO  o.e.m.c.i.embedder.EclipseLogger - skip non existing resourceDirectory C:\csd2015\java-ws-eclipse\lab10_sol\src\main\resources
2015-05-04 19:50:51,705 [Worker-18] INFO  o.e.m.c.i.embedder.EclipseLogger - Using 'UTF-8' encoding to copy filtered resources.
2015-05-04 19:50:51,721 [Worker-18] INFO  o.e.m.c.i.embedder.EclipseLogger - Copying 0 resource
2015-05-04 19:50:58,096 [Worker-21] INFO  o.e.m.c.i.embedder.EclipseLogger - Using 'UTF-8' encoding to copy filtered resources.
2015-05-04 19:50:58,096 [Worker-21] INFO  o.e.m.c.i.embedder.EclipseLogger - skip non existing resourceDirectory C:\csd2015\java-ws-eclipse\lab10_sol\src\main\resources
2015-05-04 19:50:58,096 [Worker-21] INFO  o.e.m.c.i.embedder.EclipseLogger - Using 'UTF-8' encoding to copy filtered resources.
2015-05-04 19:50:58,111 [Worker-21] INFO  o.e.m.c.i.embedder.EclipseLogger - Copying 7 resources
2015-05-04 19:51:16,252 [Worker-18] INFO  o.e.m.c.i.embedder.EclipseLogger - Using 'UTF-8' encoding to copy filtered resources.
2015-05-04 19:51:16,252 [Worker-18] INFO  o.e.m.c.i.embedder.EclipseLogger - skip non existing resourceDirectory C:\csd2015\java-ws-eclipse\lab11_sol\src\main\resources
2015-05-04 19:51:16,252 [Worker-18] INFO  o.e.m.c.i.embedder.EclipseLogger - Using 'UTF-8' encoding to copy filtered resources.
2015-05-04 19:51:16,252 [Worker-18] INFO  o.e.m.c.i.embedder.EclipseLogger - skip non existing resourceDirectory C:\csd2015\java-ws-eclipse\lab11_sol\src\test\resources
2015-05-04 19:54:09,284 [Worker-14] INFO  o.e.m.c.i.p.ProjectConfigurationManager - Collecting project info '/pom.xml' C:\csd2015\java-ws-eclipse\lab12_sol\pom.xml
2015-05-04 19:54:09,472 [Worker-14] INFO  o.e.m.c.i.l.LifecycleMappingFactory - Using org.eclipse.m2e.jdt.JarLifecycleMapping lifecycle mapping for MavenProject: com.bemach.labguide:lab12_sol:0.0.1-SNAPSHOT @ C:\csd2015\java-ws-eclipse\lab12_sol\pom.xml.
2015-05-04 19:54:09,753 [Worker-14] INFO  o.e.m.j.i.AbstractJavaProjectConfigurator - Adding source folder /lab12_sol/src/main/java
2015-05-04 19:54:09,784 [Worker-14] INFO  o.e.m.j.i.AbstractJavaProjectConfigurator - Adding source folder /lab12_sol/src/test/java
2015-05-04 19:54:09,956 [Worker-14] INFO  o.e.m.c.i.p.ProjectConfigurationManager - Imported and configured 1 project(s) in 0 sec
2015-05-04 19:54:10,519 [Worker-10] INFO  o.e.m.c.i.l.LifecycleMappingFactory - Using org.eclipse.m2e.jdt.JarLifecycleMapping lifecycle mapping for MavenProject: com.bemach.labguide:lab12_sol:0.0.1-SNAPSHOT @ C:\csd2015\java-ws-eclipse\lab12_sol\pom.xml.
2015-05-04 19:54:10,909 [Worker-10] INFO  o.e.m.c.i.embedder.EclipseLogger - Using 'UTF-8' encoding to copy filtered resources.
2015-05-04 19:54:10,909 [Worker-10] INFO  o.e.m.c.i.embedder.EclipseLogger - skip non existing resourceDirectory C:\csd2015\java-ws-eclipse\lab12_sol\src\main\resources
2015-05-04 19:54:10,909 [Worker-10] INFO  o.e.m.c.i.embedder.EclipseLogger - Using 'UTF-8' encoding to copy filtered resources.
2015-05-04 19:54:10,909 [Worker-10] INFO  o.e.m.c.i.embedder.EclipseLogger - skip non existing resourceDirectory C:\csd2015\java-ws-eclipse\lab12_sol\src\test\resources
2015-05-04 19:54:11,347 [Worker-22] INFO  o.e.m.c.i.l.LifecycleMappingFactory - Using org.eclipse.m2e.jdt.JarLifecycleMapping lifecycle mapping for MavenProject: com.bemach.labguide:lab12_sol:0.0.1-SNAPSHOT @ C:\csd2015\java-ws-eclipse\lab12_sol\pom.xml.
2015-05-04 19:54:12,003 [Worker-10] INFO  o.e.m.c.i.embedder.EclipseLogger - Using 'UTF-8' encoding to copy filtered resources.
2015-05-04 19:54:12,018 [Worker-10] INFO  o.e.m.c.i.embedder.EclipseLogger - skip non existing resourceDirectory C:\csd2015\java-ws-eclipse\lab12_sol\src\main\resources
2015-05-04 19:54:12,018 [Worker-10] INFO  o.e.m.c.i.embedder.EclipseLogger - Using 'UTF-8' encoding to copy filtered resources.
2015-05-04 19:54:12,018 [Worker-10] INFO  o.e.m.c.i.embedder.EclipseLogger - skip non existing resourceDirectory C:\csd2015\java-ws-eclipse\lab12_sol\src\test\resources
2015-05-04 19:54:22,636 [Worker-5] INFO  o.e.m.c.i.l.LifecycleMappingFactory - Using org.eclipse.m2e.jdt.JarLifecycleMapping lifecycle mapping for MavenProject: com.bemach.labguide:lab12_sol:1.0-SNAPSHOT @ C:\csd2015\java-ws-eclipse\lab12_sol\pom.xml.
2015-05-04 19:54:23,011 [Worker-5] INFO  o.e.m.c.i.embedder.EclipseLogger - Using 'UTF-8' encoding to copy filtered resources.
2015-05-04 19:54:23,011 [Worker-5] INFO  o.e.m.c.i.embedder.EclipseLogger - skip non existing resourceDirectory C:\csd2015\java-ws-eclipse\lab12_sol\src\main\resources
2015-05-04 19:54:23,011 [Worker-5] INFO  o.e.m.c.i.embedder.EclipseLogger - Using 'UTF-8' encoding to copy filtered resources.
2015-05-04 19:54:23,011 [Worker-5] INFO  o.e.m.c.i.embedder.EclipseLogger - skip non existing resourceDirectory C:\csd2015\java-ws-eclipse\lab12_sol\src\test\resources
2015-05-04 19:54:24,292 [Worker-5] INFO  o.e.m.c.i.embedder.EclipseLogger - Using 'UTF-8' encoding to copy filtered resources.
2015-05-04 19:54:24,292 [Worker-5] INFO  o.e.m.c.i.embedder.EclipseLogger - skip non existing resourceDirectory C:\csd2015\java-ws-eclipse\lab12_sol\src\main\resources
2015-05-04 19:54:24,292 [Worker-5] INFO  o.e.m.c.i.embedder.EclipseLogger - Using 'UTF-8' encoding to copy filtered resources.
2015-05-04 19:54:24,292 [Worker-5] INFO  o.e.m.c.i.embedder.EclipseLogger - skip non existing resourceDirectory C:\csd2015\java-ws-eclipse\lab12_sol\src\test\resources
2015-05-04 19:54:27,312 [Worker-5] INFO  o.e.m.c.i.embedder.EclipseLogger - Using 'UTF-8' encoding to copy filtered resources.
2015-05-04 19:54:27,312 [Worker-5] INFO  o.e.m.c.i.embedder.EclipseLogger - skip non existing resourceDirectory C:\csd2015\java-ws-eclipse\lab12_sol\src\main\resources
2015-05-04 19:54:27,328 [Worker-5] INFO  o.e.m.c.i.embedder.EclipseLogger - Using 'UTF-8' encoding to copy filtered resources.
2015-05-04 19:54:27,328 [Worker-5] INFO  o.e.m.c.i.embedder.EclipseLogger - skip non existing resourceDirectory C:\csd2015\java-ws-eclipse\lab12_sol\src\test\resources
2015-05-04 19:54:32,314 [Worker-24] INFO  o.e.m.c.i.embedder.EclipseLogger - Using 'UTF-8' encoding to copy filtered resources.
2015-05-04 19:54:32,314 [Worker-24] INFO  o.e.m.c.i.embedder.EclipseLogger - skip non existing resourceDirectory C:\csd2015\java-ws-eclipse\lab12_sol\src\main\resources
2015-05-04 19:54:32,314 [Worker-24] INFO  o.e.m.c.i.embedder.EclipseLogger - Using 'UTF-8' encoding to copy filtered resources.
2015-05-04 19:54:32,314 [Worker-24] INFO  o.e.m.c.i.embedder.EclipseLogger - skip non existing resourceDirectory C:\csd2015\java-ws-eclipse\lab12_sol\src\test\resources
2015-05-04 19:54:36,460 [Worker-21] INFO  o.e.m.c.i.embedder.EclipseLogger - Using 'UTF-8' encoding to copy filtered resources.
2015-05-04 19:54:36,460 [Worker-21] INFO  o.e.m.c.i.embedder.EclipseLogger - skip non existing resourceDirectory C:\csd2015\java-ws-eclipse\lab12_sol\src\main\resources
2015-05-04 19:54:36,460 [Worker-21] INFO  o.e.m.c.i.embedder.EclipseLogger - Using 'UTF-8' encoding to copy filtered resources.
2015-05-04 19:54:36,460 [Worker-21] INFO  o.e.m.c.i.embedder.EclipseLogger - skip non existing resourceDirectory C:\csd2015\java-ws-eclipse\lab12_sol\src\test\resources
2015-05-04 19:56:07,680 [Worker-20] INFO  o.e.m.c.i.p.ProjectConfigurationManager - Collecting project info '/pom.xml' C:\csd2015\java-ws-eclipse\lab13_sol\pom.xml
2015-05-04 19:56:07,852 [Worker-20] INFO  o.e.m.c.i.l.LifecycleMappingFactory - Using org.eclipse.m2e.jdt.JarLifecycleMapping lifecycle mapping for MavenProject: com.bemach.labguide:lab13_sol:0.0.1-SNAPSHOT @ C:\csd2015\java-ws-eclipse\lab13_sol\pom.xml.
2015-05-04 19:56:08,196 [Worker-20] INFO  o.e.m.j.i.AbstractJavaProjectConfigurator - Adding source folder /lab13_sol/src/main/java
2015-05-04 19:56:08,212 [Worker-20] INFO  o.e.m.j.i.AbstractJavaProjectConfigurator - Adding source folder /lab13_sol/src/test/java
2015-05-04 19:56:08,368 [Worker-20] INFO  o.e.m.c.i.p.ProjectConfigurationManager - Imported and configured 1 project(s) in 0 sec
2015-05-04 19:56:09,038 [Worker-22] INFO  o.e.m.c.i.l.LifecycleMappingFactory - Using org.eclipse.m2e.jdt.JarLifecycleMapping lifecycle mapping for MavenProject: com.bemach.labguide:lab13_sol:0.0.1-SNAPSHOT @ C:\csd2015\java-ws-eclipse\lab13_sol\pom.xml.
2015-05-04 19:56:09,444 [Worker-22] INFO  o.e.m.c.i.embedder.EclipseLogger - Using 'UTF-8' encoding to copy filtered resources.
2015-05-04 19:56:09,444 [Worker-22] INFO  o.e.m.c.i.embedder.EclipseLogger - skip non existing resourceDirectory C:\csd2015\java-ws-eclipse\lab13_sol\src\main\resources
2015-05-04 19:56:09,444 [Worker-22] INFO  o.e.m.c.i.embedder.EclipseLogger - Using 'UTF-8' encoding to copy filtered resources.
2015-05-04 19:56:09,444 [Worker-22] INFO  o.e.m.c.i.embedder.EclipseLogger - skip non existing resourceDirectory C:\csd2015\java-ws-eclipse\lab13_sol\src\test\resources
2015-05-04 19:56:09,694 [Worker-22] INFO  o.e.m.c.i.l.LifecycleMappingFactory - Using org.eclipse.m2e.jdt.JarLifecycleMapping lifecycle mapping for MavenProject: com.bemach.labguide:lab13_sol:0.0.1-SNAPSHOT @ C:\csd2015\java-ws-eclipse\lab13_sol\pom.xml.
2015-05-04 19:56:10,538 [Worker-10] INFO  o.e.m.c.i.embedder.EclipseLogger - Using 'UTF-8' encoding to copy filtered resources.
2015-05-04 19:56:10,538 [Worker-10] INFO  o.e.m.c.i.embedder.EclipseLogger - skip non existing resourceDirectory C:\csd2015\java-ws-eclipse\lab13_sol\src\main\resources
2015-05-04 19:56:10,538 [Worker-10] INFO  o.e.m.c.i.embedder.EclipseLogger - Using 'UTF-8' encoding to copy filtered resources.
2015-05-04 19:56:10,538 [Worker-10] INFO  o.e.m.c.i.embedder.EclipseLogger - skip non existing resourceDirectory C:\csd2015\java-ws-eclipse\lab13_sol\src\test\resources
2015-05-04 19:56:27,101 [Worker-23] INFO  o.e.m.c.i.l.LifecycleMappingFactory - Using org.maven.ide.eclipse.wtp.WarLifecycleMapping lifecycle mapping for MavenProject: com.bemach.labguide:lab13_sol:1.0-SNAPSHOT @ C:\csd2015\java-ws-eclipse\lab13_sol\pom.xml.
2015-05-04 19:56:30,741 [Worker-23] WARN  o.e.m.c.i.embedder.EclipseLogger - Using platform encoding (Cp1252 actually) to copy filtered resources, i.e. build is platform dependent!
2015-05-04 19:56:30,741 [Worker-23] INFO  o.e.m.c.i.embedder.EclipseLogger - Copying 0 resource
2015-05-04 19:56:30,741 [Worker-23] WARN  o.e.m.c.i.embedder.EclipseLogger - Using platform encoding (Cp1252 actually) to copy filtered resources, i.e. build is platform dependent!
2015-05-04 19:56:30,741 [Worker-23] INFO  o.e.m.c.i.embedder.EclipseLogger - skip non existing resourceDirectory C:\csd2015\java-ws-eclipse\lab13_sol\src\test\resources
2015-05-04 19:56:30,757 [Worker-23] INFO  o.e.m.w.i.f.ResourceFilteringBuildParticipant - Changed resources require a complete clean of filtered resources of lab13_sol
2015-05-04 19:56:30,757 [Worker-23] INFO  o.e.m.w.i.f.ResourceFilteringBuildParticipant - Executing resource filtering for lab13_sol
2015-05-04 19:56:30,913 [Worker-23] WARN  o.e.m.c.i.embedder.EclipseLogger - Using platform encoding (Cp1252 actually) to copy filtered resources, i.e. build is platform dependent!
2015-05-04 19:56:33,632 [Worker-23] INFO  o.e.m.c.i.l.LifecycleMappingFactory - Using org.maven.ide.eclipse.wtp.WarLifecycleMapping lifecycle mapping for MavenProject: com.bemach.labguide:lab13_sol:1.0-SNAPSHOT @ C:\csd2015\java-ws-eclipse\lab13_sol\pom.xml.
2015-05-04 19:56:33,788 [Worker-23] WARN  o.e.m.c.i.embedder.EclipseLogger - Using platform encoding (Cp1252 actually) to copy filtered resources, i.e. build is platform dependent!
2015-05-04 19:56:33,788 [Worker-23] INFO  o.e.m.c.i.embedder.EclipseLogger - Copying 0 resource
2015-05-04 19:56:33,804 [Worker-23] WARN  o.e.m.c.i.embedder.EclipseLogger - Using platform encoding (Cp1252 actually) to copy filtered resources, i.e. build is platform dependent!
2015-05-04 19:56:33,804 [Worker-23] INFO  o.e.m.c.i.embedder.EclipseLogger - skip non existing resourceDirectory C:\csd2015\java-ws-eclipse\lab13_sol\src\test\resources
2015-05-04 19:56:38,390 [Worker-25] WARN  o.e.m.c.i.embedder.EclipseLogger - Using platform encoding (Cp1252 actually) to copy filtered resources, i.e. build is platform dependent!
2015-05-04 19:56:38,405 [Worker-25] INFO  o.e.m.c.i.embedder.EclipseLogger - Copying 0 resource
2015-05-04 19:56:38,405 [Worker-25] WARN  o.e.m.c.i.embedder.EclipseLogger - Using platform encoding (Cp1252 actually) to copy filtered resources, i.e. build is platform dependent!
2015-05-04 19:56:38,405 [Worker-25] INFO  o.e.m.c.i.embedder.EclipseLogger - skip non existing resourceDirectory C:\csd2015\java-ws-eclipse\lab13_sol\src\test\resources
2015-05-04 19:56:42,390 [Worker-23] WARN  o.e.m.c.i.embedder.EclipseLogger - Using platform encoding (Cp1252 actually) to copy filtered resources, i.e. build is platform dependent!
2015-05-04 19:56:42,390 [Worker-23] INFO  o.e.m.c.i.embedder.EclipseLogger - Copying 0 resource
2015-05-04 19:56:42,390 [Worker-23] WARN  o.e.m.c.i.embedder.EclipseLogger - Using platform encoding (Cp1252 actually) to copy filtered resources, i.e. build is platform dependent!
2015-05-04 19:56:42,390 [Worker-23] INFO  o.e.m.c.i.embedder.EclipseLogger - skip non existing resourceDirectory C:\csd2015\java-ws-eclipse\lab13_sol\src\test\resources
2015-05-04 19:57:41,249 [Worker-5] INFO  o.e.m.c.i.p.ProjectConfigurationManager - Update started
2015-05-04 19:57:41,406 [Worker-5] INFO  o.e.m.c.i.l.LifecycleMappingFactory - Using org.maven.ide.eclipse.wtp.WarLifecycleMapping lifecycle mapping for MavenProject: com.bemach.labguide:lab13_sol:1.0-SNAPSHOT @ C:\csd2015\java-ws-eclipse\lab13_sol\pom.xml.
2015-05-04 19:57:41,562 [Worker-5] INFO  o.e.m.j.i.AbstractJavaProjectConfigurator - Adding source folder /lab13_sol/src/main/java
2015-05-04 19:57:41,562 [Worker-5] INFO  o.e.m.j.i.AbstractJavaProjectConfigurator - Adding resource folder /lab13_sol/src/main/resources
2015-05-04 19:57:41,562 [Worker-5] INFO  o.e.m.j.i.AbstractJavaProjectConfigurator - Adding source folder /lab13_sol/src/test/java
2015-05-04 19:57:47,892 [Worker-5] INFO  o.e.m.c.i.l.LifecycleMappingFactory - Using org.maven.ide.eclipse.wtp.WarLifecycleMapping lifecycle mapping for MavenProject: com.bemach.labguide:lab13_sol:1.0-SNAPSHOT @ C:\csd2015\java-ws-eclipse\lab13_sol\pom.xml.
2015-05-04 19:57:48,235 [Worker-5] INFO  o.e.m.w.i.f.ResourceFilteringBuildParticipant - Cleaning filtered folder for lab13_sol
2015-05-04 19:57:48,907 [Worker-5] INFO  o.e.m.c.i.p.ProjectConfigurationManager - Update completed: 7 sec
2015-05-04 19:57:51,690 [Worker-20] INFO  o.e.m.c.i.l.LifecycleMappingFactory - Using org.maven.ide.eclipse.wtp.WarLifecycleMapping lifecycle mapping for MavenProject: com.bemach.labguide:lab13_sol:1.0-SNAPSHOT @ C:\csd2015\java-ws-eclipse\lab13_sol\pom.xml.
2015-05-04 19:57:51,909 [Worker-20] WARN  o.e.m.c.i.embedder.EclipseLogger - Using platform encoding (Cp1252 actually) to copy filtered resources, i.e. build is platform dependent!
2015-05-04 19:57:51,925 [Worker-20] INFO  o.e.m.c.i.embedder.EclipseLogger - Copying 0 resource
2015-05-04 19:57:51,925 [Worker-20] WARN  o.e.m.c.i.embedder.EclipseLogger - Using platform encoding (Cp1252 actually) to copy filtered resources, i.e. build is platform dependent!
2015-05-04 19:57:51,925 [Worker-20] INFO  o.e.m.c.i.embedder.EclipseLogger - skip non existing resourceDirectory C:\csd2015\java-ws-eclipse\lab13_sol\src\test\resources
2015-05-04 19:58:46,148 [Worker-26] INFO  o.e.m.c.i.embedder.EclipseLogger - Using 'UTF-8' encoding to copy filtered resources.
2015-05-04 19:58:46,148 [Worker-26] INFO  o.e.m.c.i.embedder.EclipseLogger - Copying 0 resource
2015-05-04 19:58:46,148 [Worker-26] INFO  o.e.m.c.i.embedder.EclipseLogger - Using 'UTF-8' encoding to copy filtered resources.
2015-05-04 19:58:46,148 [Worker-26] INFO  o.e.m.c.i.embedder.EclipseLogger - skip non existing resourceDirectory C:\csd2015\java-ws-eclipse\lab12_sol\src\test\resources
2015-05-04 19:59:17,038 [Worker-19] INFO  o.e.m.c.i.p.ProjectConfigurationManager - Collecting project info '/pom.xml' C:\csd2015\java-ws-eclipse\lab17_sol\pom.xml
2015-05-04 19:59:17,272 [Worker-19] INFO  o.e.m.c.i.l.LifecycleMappingFactory - Using org.eclipse.m2e.jdt.JarLifecycleMapping lifecycle mapping for MavenProject: com.bemach.labguide:lab17_sol:0.0.1-SNAPSHOT @ C:\csd2015\java-ws-eclipse\lab17_sol\pom.xml.
2015-05-04 19:59:17,538 [Worker-19] INFO  o.e.m.j.i.AbstractJavaProjectConfigurator - Adding source folder /lab17_sol/src/main/java
2015-05-04 19:59:17,538 [Worker-19] INFO  o.e.m.j.i.AbstractJavaProjectConfigurator - Adding source folder /lab17_sol/src/test/java
2015-05-04 19:59:17,694 [Worker-19] INFO  o.e.m.c.i.p.ProjectConfigurationManager - Imported and configured 1 project(s) in 0 sec
2015-05-04 19:59:18,647 [Worker-24] INFO  o.e.m.c.i.l.LifecycleMappingFactory - Using org.eclipse.m2e.jdt.JarLifecycleMapping lifecycle mapping for MavenProject: com.bemach.labguide:lab17_sol:0.0.1-SNAPSHOT @ C:\csd2015\java-ws-eclipse\lab17_sol\pom.xml.
2015-05-04 19:59:19,163 [Worker-24] INFO  o.e.m.c.i.embedder.EclipseLogger - Using 'UTF-8' encoding to copy filtered resources.
2015-05-04 19:59:19,163 [Worker-24] INFO  o.e.m.c.i.embedder.EclipseLogger - skip non existing resourceDirectory C:\csd2015\java-ws-eclipse\lab17_sol\src\main\resources
2015-05-04 19:59:19,163 [Worker-24] INFO  o.e.m.c.i.embedder.EclipseLogger - Using 'UTF-8' encoding to copy filtered resources.
2015-05-04 19:59:19,163 [Worker-24] INFO  o.e.m.c.i.embedder.EclipseLogger - skip non existing resourceDirectory C:\csd2015\java-ws-eclipse\lab17_sol\src\test\resources
2015-05-04 19:59:20,272 [Worker-17] INFO  o.e.m.c.i.l.LifecycleMappingFactory - Using org.eclipse.m2e.jdt.JarLifecycleMapping lifecycle mapping for MavenProject: com.bemach.labguide:lab17_sol:0.0.1-SNAPSHOT @ C:\csd2015\java-ws-eclipse\lab17_sol\pom.xml.
2015-05-04 19:59:20,522 [Worker-22] INFO  o.e.m.c.i.embedder.EclipseLogger - Using 'UTF-8' encoding to copy filtered resources.
2015-05-04 19:59:20,522 [Worker-22] INFO  o.e.m.c.i.embedder.EclipseLogger - skip non existing resourceDirectory C:\csd2015\java-ws-eclipse\lab17_sol\src\main\resources
2015-05-04 19:59:20,522 [Worker-22] INFO  o.e.m.c.i.embedder.EclipseLogger - Using 'UTF-8' encoding to copy filtered resources.
2015-05-04 19:59:20,522 [Worker-22] INFO  o.e.m.c.i.embedder.EclipseLogger - skip non existing resourceDirectory C:\csd2015\java-ws-eclipse\lab17_sol\src\test\resources
2015-05-04 19:59:27,907 [Worker-27] INFO  o.e.m.c.i.embedder.EclipseLogger - Using 'UTF-8' encoding to copy filtered resources.
2015-05-04 19:59:27,907 [Worker-27] INFO  o.e.m.c.i.embedder.EclipseLogger - skip non existing resourceDirectory C:\csd2015\java-ws-eclipse\lab17_sol\src\main\resources
2015-05-04 19:59:27,907 [Worker-27] INFO  o.e.m.c.i.embedder.EclipseLogger - Using 'UTF-8' encoding to copy filtered resources.
2015-05-04 19:59:27,907 [Worker-27] INFO  o.e.m.c.i.embedder.EclipseLogger - skip non existing resourceDirectory C:\csd2015\java-ws-eclipse\lab17_sol\src\test\resources
2015-05-04 19:59:39,708 [Worker-18] INFO  o.e.m.c.i.l.LifecycleMappingFactory - Using org.eclipse.m2e.jdt.JarLifecycleMapping lifecycle mapping for MavenProject: com.bemach.labguide:lab17_sol:1.0-SNAPSHOT @ C:\csd2015\java-ws-eclipse\lab17_sol\pom.xml.
2015-05-04 19:59:45,811 [Worker-18] INFO  o.e.m.c.i.embedder.EclipseLogger - Using 'UTF-8' encoding to copy filtered resources.
2015-05-04 19:59:45,811 [Worker-18] INFO  o.e.m.c.i.embedder.EclipseLogger - skip non existing resourceDirectory C:\csd2015\java-ws-eclipse\lab17_sol\src\main\resources
2015-05-04 19:59:45,811 [Worker-18] INFO  o.e.m.c.i.embedder.EclipseLogger - Using 'UTF-8' encoding to copy filtered resources.
2015-05-04 19:59:45,811 [Worker-18] INFO  o.e.m.c.i.embedder.EclipseLogger - Copying 2 resources
2015-05-04 19:59:48,839 [Worker-5] INFO  o.e.m.c.i.embedder.EclipseLogger - Using 'UTF-8' encoding to copy filtered resources.
2015-05-04 19:59:48,855 [Worker-5] INFO  o.e.m.c.i.embedder.EclipseLogger - skip non existing resourceDirectory C:\csd2015\java-ws-eclipse\lab17_sol\src\main\resources
2015-05-04 19:59:48,855 [Worker-5] INFO  o.e.m.c.i.embedder.EclipseLogger - Using 'UTF-8' encoding to copy filtered resources.
2015-05-04 19:59:48,855 [Worker-5] INFO  o.e.m.c.i.embedder.EclipseLogger - Copying 2 resources
2015-05-04 19:59:52,228 [Worker-24] INFO  o.e.m.c.i.p.ProjectConfigurationManager - Update started
2015-05-04 19:59:52,462 [Worker-24] INFO  o.e.m.c.i.l.LifecycleMappingFactory - Using org.eclipse.m2e.jdt.JarLifecycleMapping lifecycle mapping for MavenProject: com.bemach.labguide:lab17_sol:1.0-SNAPSHOT @ C:\csd2015\java-ws-eclipse\lab17_sol\pom.xml.
2015-05-04 19:59:55,549 [Worker-24] INFO  o.e.m.j.i.AbstractJavaProjectConfigurator - Adding source folder /lab17_sol/src/main/java
2015-05-04 19:59:55,549 [Worker-24] INFO  o.e.m.j.i.AbstractJavaProjectConfigurator - Adding source folder /lab17_sol/src/test/java
2015-05-04 19:59:55,549 [Worker-24] INFO  o.e.m.j.i.AbstractJavaProjectConfigurator - Adding resource folder /lab17_sol/src/test/resources
2015-05-04 19:59:56,424 [Worker-24] INFO  o.e.m.c.i.l.LifecycleMappingFactory - Using org.eclipse.m2e.jdt.JarLifecycleMapping lifecycle mapping for MavenProject: com.bemach.labguide:lab17_sol:1.0-SNAPSHOT @ C:\csd2015\java-ws-eclipse\lab17_sol\pom.xml.
2015-05-04 19:59:57,564 [Worker-24] INFO  o.e.m.c.i.p.ProjectConfigurationManager - Update completed: 5 sec
2015-05-04 20:00:00,352 [Worker-23] INFO  o.e.m.c.i.embedder.EclipseLogger - Using 'UTF-8' encoding to copy filtered resources.
2015-05-04 20:00:00,352 [Worker-23] INFO  o.e.m.c.i.embedder.EclipseLogger - skip non existing resourceDirectory C:\csd2015\java-ws-eclipse\lab17_sol\src\main\resources
2015-05-04 20:00:00,352 [Worker-23] INFO  o.e.m.c.i.embedder.EclipseLogger - Using 'UTF-8' encoding to copy filtered resources.
2015-05-04 20:00:00,352 [Worker-23] INFO  o.e.m.c.i.embedder.EclipseLogger - Copying 2 resources
2015-05-04 20:00:17,652 [Worker-26] INFO  o.e.m.c.i.embedder.EclipseLogger - Using 'UTF-8' encoding to copy filtered resources.
2015-05-04 20:00:17,652 [Worker-26] INFO  o.e.m.c.i.embedder.EclipseLogger - skip non existing resourceDirectory C:\csd2015\java-ws-eclipse\lab17_sol\src\main\resources
2015-05-04 20:00:17,652 [Worker-26] INFO  o.e.m.c.i.embedder.EclipseLogger - Using 'UTF-8' encoding to copy filtered resources.
2015-05-04 20:00:17,652 [Worker-26] INFO  o.e.m.c.i.embedder.EclipseLogger - Copying 2 resources
